144
-4801.0000 10059.5934
-4306.0000 9202.2283
-4306.0000 9773.8050
-3811.0000 8344.8631
-3811.0000 8916.4399
-3811.0000 10059.5934
-3316.0000 7487.4980
-3316.0000 8059.0747
-3316.0000 9202.2283
-3316.0000 9773.8050
-2821.0000 6630.1328
-2821.0000 7201.7096
-2821.0000 8344.8631
-2821.0000 8916.4399
-2821.0000 10059.5934
-2326.0000 5772.7677
-2326.0000 6344.3444
-2326.0000 7487.4980
-2326.0000 8059.0747
-2326.0000 9202.2283
-2326.0000 9773.8050
-1831.0000 4915.4025
-1831.0000 5486.9793
-1831.0000 6630.1328
-1831.0000 7201.7096
-1831.0000 8344.8631
-1831.0000 8916.4399
-1831.0000 10059.5934
-1336.0000 4058.0374
-1336.0000 4629.6141
-1336.0000 5772.7677
-1336.0000 6344.3444
-1336.0000 7487.4980
-1336.0000 8059.0747
-1336.0000 9202.2283
-1336.0000 9773.8050
-841.0000 3200.6722
-841.0000 3772.2490
-841.0000 4915.4025
-841.0000 5486.9793
-841.0000 6630.1328
-841.0000 7201.7096
-841.0000 8344.8631
-841.0000 8916.4399
-841.0000 10059.5934
-346.0000 2343.3071
-346.0000 2914.8838
-346.0000 4058.0374
-346.0000 4629.6141
-346.0000 5772.7677
-346.0000 6344.3444
-346.0000 7487.4980
-346.0000 8059.0747
-346.0000 9202.2283
-346.0000 9773.8050
149.0000 1485.9419
149.0000 2057.5187
149.0000 3200.6722
149.0000 3772.2490
149.0000 4915.4025
149.0000 5486.9793
149.0000 6630.1328
149.0000 7201.7096
149.0000 8344.8631
149.0000 8916.4399
149.0000 10059.5934
644.0000 628.5768
644.0000 1200.1535
644.0000 2343.3071
644.0000 2914.8838
644.0000 4058.0374
644.0000 4629.6141
644.0000 5772.7677
644.0000 6344.3444
644.0000 7487.4980
644.0000 8059.0747
644.0000 9202.2283
644.0000 9773.8050
1139.0000 1485.9419
1139.0000 2057.5187
1139.0000 3200.6722
1139.0000 3772.2490
1139.0000 4915.4025
1139.0000 5486.9793
1139.0000 6630.1328
1139.0000 7201.7096
1139.0000 8344.8631
1139.0000 8916.4399
1139.0000 10059.5934
1634.0000 2343.3071
1634.0000 2914.8838
1634.0000 4058.0374
1634.0000 4629.6141
1634.0000 5772.7677
1634.0000 6344.3444
1634.0000 7487.4980
1634.0000 8059.0747
1634.0000 9202.2283
1634.0000 9773.8050
2129.0000 3200.6722
2129.0000 3772.2490
2129.0000 4915.4025
2129.0000 5486.9793
2129.0000 6630.1328
2129.0000 7201.7096
2129.0000 8344.8631
2129.0000 8916.4399
2129.0000 10059.5934
2624.0000 4058.0374
2624.0000 4629.6141
2624.0000 5772.7677
2624.0000 6344.3444
2624.0000 7487.4980
2624.0000 8059.0747
2624.0000 9202.2283
2624.0000 9773.8050
3119.0000 4915.4025
3119.0000 5486.9793
3119.0000 6630.1328
3119.0000 7201.7096
3119.0000 8344.8631
3119.0000 8916.4399
3119.0000 10059.5934
3614.0000 5772.7677
3614.0000 6344.3444
3614.0000 7487.4980
3614.0000 8059.0747
3614.0000 9202.2283
3614.0000 9773.8050
4109.0000 6630.1328
4109.0000 7201.7096
4109.0000 8344.8631
4109.0000 8916.4399
4109.0000 10059.5934
4604.0000 7487.4980
4604.0000 8059.0747
4604.0000 9202.2283
4604.0000 9773.8050
5099.0000 8344.8631
5099.0000 8916.4399
5099.0000 10059.5934
5594.0000 9202.2283
5594.0000 9773.8050
6089.0000 10059.5934